<?xml version="1.0" encoding="UTF-8"?>
<!-- Generated by org.testng.reporters.JUnitReportReporter -->
<testsuite hostname="LAPTOP-JLPCQCSL" failures="0" tests="3" name="test.api.GetData" time="3.383" errors="0" timestamp="24 Feb 2018 00:14:00 GMT" skipped="0">
  <testcase classname="test.api.GetData" name="testSurveyId" time="0.875"/>
  <testcase classname="test.api.GetData" name="testResonseCode" time="0.347"/>
  <testcase classname="test.api.GetData" name="testBody" time="2.161"/>
</testsuite> <!-- test.api.GetData -->
